<?xml version="1.0" encoding="UTF-8"?>
<testsuite name="tourGuide.unit.TourGuideControllerUnitTest" tests="8" skipped="0" failures="0" errors="0" timestamp="2021-12-18T16:35:07" hostname="OBS-Desktop" time="0.15">
  <properties/>
  <testcase name="testSetUserPreferences()" classname="tourGuide.unit.TourGuideControllerUnitTest" time="0.131"/>
  <testcase name="testIndex()" classname="tourGuide.unit.TourGuideControllerUnitTest" time="0.001"/>
  <testcase name="testGetLocation()" classname="tourGuide.unit.TourGuideControllerUnitTest" time="0.002"/>
  <testcase name="testGetNearbyAttractions()" classname="tourGuide.unit.TourGuideControllerUnitTest" time="0.004"/>
  <testcase name="testGetAllCurrentLocations()" classname="tourGuide.unit.TourGuideControllerUnitTest" time="0.003"/>
  <testcase name="testGetTripDeals()" classname="tourGuide.unit.TourGuideControllerUnitTest" time="0.002"/>
  <testcase name="testGetRewards()" classname="tourGuide.unit.TourGuideControllerUnitTest" time="0.003"/>
  <testcase name="testGetUserPreferences()" classname="tourGuide.unit.TourGuideControllerUnitTest" time="0.001"/>
  <system-out><![CDATA[]]></system-out>
  <system-err><![CDATA[]]></system-err>
</testsuite>
