<?xml version="1.0" encoding="UTF-8"?>
<testsuite name="tourGuide.integration.TestTourGuideService" tests="5" skipped="0" failures="0" errors="0" timestamp="2021-12-18T16:34:50" hostname="OBS-Desktop" time="16.717">
  <properties/>
  <testcase name="getUserLocation()" classname="tourGuide.integration.TestTourGuideService" time="0.102"/>
  <testcase name="addUser()" classname="tourGuide.integration.TestTourGuideService" time="0.002"/>
  <testcase name="getTripDeals()" classname="tourGuide.integration.TestTourGuideService" time="0.028"/>
  <testcase name="trackUser()" classname="tourGuide.integration.TestTourGuideService" time="0.065"/>
  <testcase name="getNearbyAttractions()" classname="tourGuide.integration.TestTourGuideService" time="16.517"/>
  <system-out><![CDATA[2021-12-18 17:34:50.402  INFO 47982 --- [    Test worker] .b.t.c.SpringBootTestContextBootstrapper : Neither @ContextConfiguration nor @ContextHierarchy found for test class [tourGuide.integration.TestTourGuideService], using SpringBootContextLoader
2021-12-18 17:34:50.402  INFO 47982 --- [    Test worker] o.s.t.c.support.AbstractContextLoader    : Could not detect default resource locations for test class [tourGuide.integration.TestTourGuideService]: no resource found for suffixes {-context.xml, Context.groovy}.
2021-12-18 17:34:50.402  INFO 47982 --- [    Test worker] t.c.s.AnnotationConfigContextLoaderUtils : Could not detect default configuration classes for test class [tourGuide.integration.TestTourGuideService]: TestTourGuideService does not declare any static, non-private, non-final, nested classes annotated with @Configuration.
2021-12-18 17:34:50.403  INFO 47982 --- [    Test worker] .b.t.c.SpringBootTestContextBootstrapper : Found @SpringBootConfiguration tourGuide.Application for test class tourGuide.integration.TestTourGuideService
2021-12-18 17:34:50.404  INFO 47982 --- [    Test worker] .b.t.c.SpringBootTestContextBootstrapper : Loaded default TestExecutionListener class names from location [META-INF/spring.factories]: [org.springframework.boot.test.autoconfigure.restdocs.RestDocsTestExecutionListener, org.springframework.boot.test.autoconfigure.web.client.MockRestServiceServerResetTestExecutionListener, org.springframework.boot.test.autoconfigure.web.servlet.MockMvcPrintOnlyOnFailureTestExecutionListener, org.springframework.boot.test.autoconfigure.web.servlet.WebDriverTestExecutionListener, org.springframework.boot.test.mock.mockito.MockitoTestExecutionListener, org.springframework.boot.test.mock.mockito.ResetMocksTestExecutionListener, org.springframework.test.context.web.ServletTestExecutionListener, org.springframework.test.context.support.DirtiesContextBeforeModesTestExecutionListener, org.springframework.test.context.support.DependencyInjectionTestExecutionListener, org.springframework.test.context.support.DirtiesContextTestExecutionListener, org.springframework.test.context.transaction.TransactionalTestExecutionListener, org.springframework.test.context.jdbc.SqlScriptsTestExecutionListener]
2021-12-18 17:34:50.407  INFO 47982 --- [    Test worker] .b.t.c.SpringBootTestContextBootstrapper : Using TestExecutionListeners: [org.springframework.test.context.web.ServletTestExecutionListener@3b18702f, org.springframework.test.context.support.DirtiesContextBeforeModesTestExecutionListener@38aa952a, org.springframework.boot.test.mock.mockito.MockitoTestExecutionListener@7e797f00, org.springframework.boot.test.autoconfigure.SpringBootDependencyInjectionTestExecutionListener@398b4188, org.springframework.test.context.support.DirtiesContextTestExecutionListener@416ac79e, org.springframework.boot.test.autoconfigure.restdocs.RestDocsTestExecutionListener@2d85195c, org.springframework.boot.test.autoconfigure.web.client.MockRestServiceServerResetTestExecutionListener@18b1e293, org.springframework.boot.test.autoconfigure.web.servlet.MockMvcPrintOnlyOnFailureTestExecutionListener@7bd5770c, org.springframework.boot.test.autoconfigure.web.servlet.WebDriverTestExecutionListener@6c1419df, org.springframework.boot.test.mock.mockito.ResetMocksTestExecutionListener@695eb2f8]
]]></system-out>
  <system-err><![CDATA[]]></system-err>
</testsuite>
